[22708 - Suricata-Main] 2025-05-20 02:35:40 Notice: suricata: This is Suricata version 7.0.10 RELEASE running in SYSTEM mode
[22708 - Suricata-Main] 2025-05-20 02:35:40 Info: cpu: CPUs/cores online: 4
[22708 - Suricata-Main] 2025-05-20 02:35:40 Info: suricata: Setting engine mode to IDS mode by default
[22708 - Suricata-Main] 2025-05-20 02:35:40 Info: exception-policy: master exception-policy set to: auto
[22708 - Suricata-Main] 2025-05-20 02:35:40 Info: logopenfile: fast output device (regular) initialized: fast.log
[22708 - Suricata-Main] 2025-05-20 02:35:40 Info: logopenfile: eve-log output device (regular) initialized: eve.json
[22708 - Suricata-Main] 2025-05-20 02:35:40 Info: logopenfile: stats output device (regular) initialized: stats.log
[22708 - Suricata-Main] 2025-05-20 02:35:40 Info: detect: 1 rule files processed. 20 rules successfully loaded, 0 rules failed, 0
[22708 - Suricata-Main] 2025-05-20 02:35:40 Info: threshold-config: Threshold config parsed: 0 rule(s) found
[22708 - Suricata-Main] 2025-05-20 02:35:40 Info: detect: 20 signatures processed. 0 are IP-only rules, 0 are inspecting packet payload, 20 inspect application layer, 0 are decoder event only
[22708 - Suricata-Main] 2025-05-20 02:35:40 Error: af-packet: eth0~: failed to find interface type: No such device
[22708 - Suricata-Main] 2025-05-20 02:35:40 Warning: af-packet: eth0~: AF_PACKET tpacket-v3 is recommended for non-inline operation
[22708 - Suricata-Main] 2025-05-20 02:35:40 Info: runmodes: eth0~: creating 4 threads
[22708 - Suricata-Main] 2025-05-20 02:35:40 Info: unix-manager: unix socket '/var/run/suricata-command.socket'
[22711 - W#01-eth0~] 2025-05-20 02:35:40 Error: af-packet: eth0~: failed to find interface: No such device
[22711 - W#01-eth0~] 2025-05-20 02:35:40 Error: af-packet: eth0~: failed to init socket for interface
[22708 - Suricata-Main] 2025-05-20 02:35:40 Error: threads: thread "W#01-eth0~" failed to start: flags 0423
[22988 - Suricata-Main] 2025-05-20 02:36:12 Notice: suricata: This is Suricata version 7.0.10 RELEASE running in SYSTEM mode
[22988 - Suricata-Main] 2025-05-20 02:36:12 Info: cpu: CPUs/cores online: 4
[22988 - Suricata-Main] 2025-05-20 02:36:12 Info: suricata: Setting engine mode to IDS mode by default
[22988 - Suricata-Main] 2025-05-20 02:36:12 Info: exception-policy: master exception-policy set to: auto
[22988 - Suricata-Main] 2025-05-20 02:36:12 Info: logopenfile: fast output device (regular) initialized: fast.log
[22988 - Suricata-Main] 2025-05-20 02:36:12 Info: logopenfile: eve-log output device (regular) initialized: eve.json
[22988 - Suricata-Main] 2025-05-20 02:36:12 Info: logopenfile: stats output device (regular) initialized: stats.log
[22988 - Suricata-Main] 2025-05-20 02:36:12 Info: detect: 1 rule files processed. 20 rules successfully loaded, 0 rules failed, 0
[22988 - Suricata-Main] 2025-05-20 02:36:12 Info: threshold-config: Threshold config parsed: 0 rule(s) found
[22988 - Suricata-Main] 2025-05-20 02:36:12 Info: detect: 20 signatures processed. 0 are IP-only rules, 0 are inspecting packet payload, 20 inspect application layer, 0 are decoder event only
[22988 - Suricata-Main] 2025-05-20 02:36:12 Error: af-packet: fanout not supported by kernel: Kernel too old or cluster-id 99 already in use.
[22988 - Suricata-Main] 2025-05-20 02:36:12 Warning: af-packet: eth0: AF_PACKET tpacket-v3 is recommended for non-inline operation
[22988 - Suricata-Main] 2025-05-20 02:36:12 Info: runmodes: eth0: creating 1 thread
[22988 - Suricata-Main] 2025-05-20 02:36:12 Info: unix-manager: unix socket '/var/run/suricata-command.socket'
[22990 - W#01-eth0] 2025-05-20 02:36:12 Info: ioctl: eth0: MTU 1500
[22988 - Suricata-Main] 2025-05-20 02:36:12 Notice: threads: Threads created -> W: 1 FM: 1 FR: 1   Engine started.
[22988 - Suricata-Main] 2025-05-20 02:44:38 Notice: suricata: Signal Received.  Stopping engine.
[22988 - Suricata-Main] 2025-05-20 02:44:39 Info: suricata: time elapsed 507.464s
[22988 - Suricata-Main] 2025-05-20 02:44:40 Info: counters: Alerts: 0
[22988 - Suricata-Main] 2025-05-20 02:44:40 Notice: device: eth0: packets: 453, drops: 0 (0.00%), invalid chksum: 0
[2229 - Suricata-Main] 2025-05-20 02:47:18 Notice: suricata: This is Suricata version 7.0.10 RELEASE running in SYSTEM mode
[2229 - Suricata-Main] 2025-05-20 02:47:18 Info: cpu: CPUs/cores online: 4
[2229 - Suricata-Main] 2025-05-20 02:47:18 Info: suricata: Setting engine mode to IDS mode by default
[2229 - Suricata-Main] 2025-05-20 02:47:18 Info: exception-policy: master exception-policy set to: auto
[2229 - Suricata-Main] 2025-05-20 02:47:18 Info: logopenfile: fast output device (regular) initialized: fast.log
[2229 - Suricata-Main] 2025-05-20 02:47:18 Info: logopenfile: eve-log output device (regular) initialized: eve.json
[2229 - Suricata-Main] 2025-05-20 02:47:18 Info: logopenfile: stats output device (regular) initialized: stats.log
[2229 - Suricata-Main] 2025-05-20 02:47:18 Info: detect: 1 rule files processed. 40 rules successfully loaded, 0 rules failed, 0
[2229 - Suricata-Main] 2025-05-20 02:47:18 Info: threshold-config: Threshold config parsed: 0 rule(s) found
[2229 - Suricata-Main] 2025-05-20 02:47:18 Info: detect: 40 signatures processed. 0 are IP-only rules, 0 are inspecting packet payload, 40 inspect application layer, 0 are decoder event only
[2229 - Suricata-Main] 2025-05-20 02:47:18 Warning: af-packet: eth0: AF_PACKET tpacket-v3 is recommended for non-inline operation
[2229 - Suricata-Main] 2025-05-20 02:47:18 Info: runmodes: eth0: creating 4 threads
[2229 - Suricata-Main] 2025-05-20 02:47:18 Info: unix-manager: unix socket '/var/run/suricata-command.socket'
[2229 - Suricata-Main] 2025-05-20 02:47:19 Notice: threads: Threads created -> W: 4 FM: 1 FR: 1   Engine started.
